[2024-06-20 10:01:29Z INFO HostContext] No proxy settings were found based on environmental variables (http_proxy/https_proxy/HTTP_PROXY/HTTPS_PROXY)
[2024-06-20 10:01:29Z INFO HostContext] Well known directory 'Bin': '/home/melvin/actions-runner/bin'
[2024-06-20 10:01:29Z INFO HostContext] Well known directory 'Root': '/home/melvin/actions-runner'
[2024-06-20 10:01:29Z INFO HostContext] Well known config file 'Credentials': '/home/melvin/actions-runner/.credentials'
[2024-06-20 10:01:29Z INFO HostContext] Well known directory 'Bin': '/home/melvin/actions-runner/bin'
[2024-06-20 10:01:29Z INFO HostContext] Well known directory 'Root': '/home/melvin/actions-runner'
[2024-06-20 10:01:29Z INFO HostContext] Well known config file 'Runner': '/home/melvin/actions-runner/.runner'
[2024-06-20 10:01:29Z INFO Listener] Runner is built for Linux (X64) - linux-x64.
[2024-06-20 10:01:29Z INFO Listener] RuntimeInformation: Linux 6.5.0-35-generic #35~22.04.1-Ubuntu SMP PREEMPT_DYNAMIC Tue May  7 09:00:52 UTC 2.
[2024-06-20 10:01:29Z INFO Listener] Version: 2.317.0
[2024-06-20 10:01:29Z INFO Listener] Commit: 6dc005ee3690a0303e0d7269b6f60295d22dcfad
[2024-06-20 10:01:29Z INFO Listener] Culture: en-NG
[2024-06-20 10:01:29Z INFO Listener] UI Culture: en-NG
[2024-06-20 10:01:29Z INFO HostContext] Well known directory 'Bin': '/home/melvin/actions-runner/bin'
[2024-06-20 10:01:29Z INFO HostContext] Well known directory 'Root': '/home/melvin/actions-runner'
[2024-06-20 10:01:29Z INFO Listener] Validating directory permissions for: '/home/melvin/actions-runner'
[2024-06-20 10:01:29Z INFO CommandLineParser] Parse
[2024-06-20 10:01:29Z INFO CommandLineParser] Parsing 5 args
[2024-06-20 10:01:29Z INFO CommandLineParser] parsing argument
[2024-06-20 10:01:29Z INFO CommandLineParser] HasArgs: False
[2024-06-20 10:01:29Z INFO CommandLineParser] Adding Command: configure
[2024-06-20 10:01:29Z INFO CommandLineParser] parsing argument
[2024-06-20 10:01:29Z INFO CommandLineParser] HasArgs: True
[2024-06-20 10:01:29Z INFO CommandLineParser] arg: url
[2024-06-20 10:01:29Z INFO CommandLineParser] parsing argument
[2024-06-20 10:01:29Z INFO CommandLineParser] HasArgs: True
[2024-06-20 10:01:29Z INFO CommandLineParser] Adding option 'url': 'https://github.com/melvinsamuel070/listerdiscus'
[2024-06-20 10:01:29Z INFO CommandLineParser] parsing argument
[2024-06-20 10:01:29Z INFO CommandLineParser] HasArgs: True
[2024-06-20 10:01:29Z INFO CommandLineParser] arg: token
[2024-06-20 10:01:29Z INFO CommandLineParser] parsing argument
[2024-06-20 10:01:29Z INFO CommandLineParser] HasArgs: True
[2024-06-20 10:01:29Z INFO CommandLineParser] Adding option 'token': '***'
[2024-06-20 10:01:29Z INFO Listener] Arguments parsed
[2024-06-20 10:01:29Z INFO Runner] ExecuteCommand
[2024-06-20 10:01:29Z INFO ConfigurationStore] currentAssemblyLocation: /home/melvin/actions-runner/bin/Runner.Listener.dll
[2024-06-20 10:01:29Z INFO HostContext] Well known directory 'Bin': '/home/melvin/actions-runner/bin'
[2024-06-20 10:01:29Z INFO ConfigurationStore] binPath: /home/melvin/actions-runner/bin
[2024-06-20 10:01:29Z INFO HostContext] Well known directory 'Bin': '/home/melvin/actions-runner/bin'
[2024-06-20 10:01:29Z INFO HostContext] Well known directory 'Root': '/home/melvin/actions-runner'
[2024-06-20 10:01:29Z INFO ConfigurationStore] RootFolder: /home/melvin/actions-runner
[2024-06-20 10:01:29Z INFO HostContext] Well known directory 'Bin': '/home/melvin/actions-runner/bin'
[2024-06-20 10:01:29Z INFO HostContext] Well known directory 'Root': '/home/melvin/actions-runner'
[2024-06-20 10:01:29Z INFO HostContext] Well known config file 'Runner': '/home/melvin/actions-runner/.runner'
[2024-06-20 10:01:29Z INFO ConfigurationStore] ConfigFilePath: /home/melvin/actions-runner/.runner
[2024-06-20 10:01:29Z INFO HostContext] Well known directory 'Bin': '/home/melvin/actions-runner/bin'
[2024-06-20 10:01:29Z INFO HostContext] Well known directory 'Root': '/home/melvin/actions-runner'
[2024-06-20 10:01:29Z INFO HostContext] Well known config file 'Credentials': '/home/melvin/actions-runner/.credentials'
[2024-06-20 10:01:29Z INFO ConfigurationStore] CredFilePath: /home/melvin/actions-runner/.credentials
[2024-06-20 10:01:29Z INFO HostContext] Well known directory 'Bin': '/home/melvin/actions-runner/bin'
[2024-06-20 10:01:29Z INFO HostContext] Well known directory 'Root': '/home/melvin/actions-runner'
[2024-06-20 10:01:29Z INFO HostContext] Well known config file 'MigratedCredentials': '/home/melvin/actions-runner/.credentials_migrated'
[2024-06-20 10:01:29Z INFO ConfigurationStore] MigratedCredFilePath: /home/melvin/actions-runner/.credentials_migrated
[2024-06-20 10:01:29Z INFO HostContext] Well known directory 'Bin': '/home/melvin/actions-runner/bin'
[2024-06-20 10:01:29Z INFO HostContext] Well known directory 'Root': '/home/melvin/actions-runner'
[2024-06-20 10:01:29Z INFO HostContext] Well known config file 'Service': '/home/melvin/actions-runner/.service'
[2024-06-20 10:01:29Z INFO ConfigurationStore] ServiceConfigFilePath: /home/melvin/actions-runner/.service
[2024-06-20 10:01:29Z INFO CommandSettings] Flag 'help': 'False'
[2024-06-20 10:01:29Z INFO CommandSettings] Flag 'version': 'False'
[2024-06-20 10:01:29Z INFO CommandSettings] Flag 'commit': 'False'
[2024-06-20 10:01:29Z INFO CommandSettings] Flag 'check': 'False'
[2024-06-20 10:01:29Z INFO CommandSettings] Command 'configure': 'True'
[2024-06-20 10:01:29Z INFO Terminal] WRITE LINE: 
[2024-06-20 10:01:29Z INFO Terminal] WRITE LINE: --------------------------------------------------------------------------------
[2024-06-20 10:01:29Z INFO Terminal] WRITE LINE: |        ____ _ _   _   _       _          _        _   _                      |
[2024-06-20 10:01:29Z INFO Terminal] WRITE LINE: |       / ___(_) |_| | | |_   _| |__      / \   ___| |_(_) ___  _ __  ___      |
[2024-06-20 10:01:29Z INFO Terminal] WRITE LINE: |      | |  _| | __| |_| | | | | '_ \    / _ \ / __| __| |/ _ \| '_ \/ __|     |
[2024-06-20 10:01:29Z INFO Terminal] WRITE LINE: |      | |_| | | |_|  _  | |_| | |_) |  / ___ \ (__| |_| | (_) | | | \__ \     |
[2024-06-20 10:01:29Z INFO Terminal] WRITE LINE: |       \____|_|\__|_| |_|\__,_|_.__/  /_/   \_\___|\__|_|\___/|_| |_|___/     |
[2024-06-20 10:01:29Z INFO Terminal] WRITE LINE: |                                                                              |
[2024-06-20 10:01:29Z INFO Terminal] WRITE: |                       
[2024-06-20 10:01:29Z INFO Terminal] WRITE: Self-hosted runner registration
[2024-06-20 10:01:29Z INFO Terminal] WRITE LINE:                         |
[2024-06-20 10:01:29Z INFO Terminal] WRITE LINE: |                                                                              |
[2024-06-20 10:01:29Z INFO Terminal] WRITE LINE: --------------------------------------------------------------------------------
[2024-06-20 10:01:29Z INFO ConfigurationManager] ConfigureAsync
[2024-06-20 10:01:29Z INFO CommandSettings] Flag 'generateServiceConfig': 'False'
[2024-06-20 10:01:29Z INFO ConfigurationStore] IsConfigured()
[2024-06-20 10:01:29Z INFO ConfigurationStore] IsConfigured: False
[2024-06-20 10:01:29Z INFO ConfigurationManager] Is configured: False
[2024-06-20 10:01:29Z INFO CommandSettings] Arg 'url': 'https://github.com/melvinsamuel070/listerdiscus'
[2024-06-20 10:01:29Z INFO CommandSettings] Remove url from Arg dictionary.
[2024-06-20 10:01:29Z INFO CommandSettings] Arg 'token': '***'
[2024-06-20 10:01:29Z INFO CommandSettings] Remove token from Arg dictionary.
[2024-06-20 10:01:30Z ERR  Terminal] WRITE ERROR: Http response code: NotFound from 'POST https://api.github.com/actions/runner-registration' (Request Id: ACCB:22CF66:2B4B406:2BB28BC:6673FDFD)
[2024-06-20 10:01:30Z ERR  Terminal] WRITE ERROR: {"message":"Not Found","documentation_url":"https://docs.github.com/rest","status":"404"}
[2024-06-20 10:01:30Z ERR  Runner] System.Net.Http.HttpRequestException: Response status code does not indicate success: 404 (Not Found).
   at System.Net.Http.HttpResponseMessage.EnsureSuccessStatusCode()
   at GitHub.Runner.Listener.Configuration.ConfigurationManager.GetTenantCredential(String githubUrl, String githubToken, String runnerEvent)
   at GitHub.Runner.Listener.Configuration.ConfigurationManager.ConfigureAsync(CommandSettings command)
   at GitHub.Runner.Listener.Runner.ExecuteCommand(CommandSettings command)
[2024-06-20 10:01:30Z ERR  Terminal] WRITE ERROR: Response status code does not indicate success: 404 (Not Found).
[2024-06-20 10:01:30Z INFO Listener] Runner execution has finished with return code 1
